<?xml version="1.0" encoding="UTF-8" ?>
<testsuite tests="1" failures="0" name="com.zl.freemarker.AppTest" time="0.004" errors="0" skipped="0">
  <properties>
    <property name="idea.version" value="2016.3.2"/>
    <property name="java.runtime.name" value="OpenJDK Runtime Environment"/>
    <property name="sun.boot.library.path" value="E:\Program Files\IDEA\idea-2016.3.2\jre64\jre\bin"/>
    <property name="java.vm.version" value="25.112-b6"/>
    <property name="java.vm.vendor" value="JetBrains s.r.o"/>
    <property name="maven.multiModuleProjectDirectory" value="Z:\IdeaProjects\SVN\spring_2017\zlcore"/>
    <property name="java.vendor.url" value="https://www.jetbrains.com/"/>
    <property name="path.separator" value=";"/>
    <property name="guice.disable.misplaced.annotation.check" value="true"/>
    <property name="java.vm.name" value="OpenJDK 64-Bit Server VM"/>
    <property name="file.encoding.pkg" value="sun.io"/>
    <property name="idea.launcher.port" value="7533"/>
    <property name="user.script" value=""/>
    <property name="user.country" value="CN"/>
    <property name="sun.java.launcher" value="SUN_STANDARD"/>
    <property name="sun.os.patch.level" value="Service Pack 1"/>
    <property name="java.vm.specification.name" value="Java Virtual Machine Specification"/>
    <property name="user.dir" value="Z:\IdeaProjects\SVN\spring_2017\zlcore"/>
    <property name="java.runtime.version" value="1.8.0_112-release-408-b6"/>
    <property name="java.awt.graphicsenv" value="sun.awt.Win32GraphicsEnvironment"/>
    <property name="java.endorsed.dirs" value="E:\Program Files\IDEA\idea-2016.3.2\jre64\jre\lib\endorsed"/>
    <property name="os.arch" value="amd64"/>
    <property name="java.io.tmpdir" value="C:\Users\ADMINI~1\AppData\Local\Temp\"/>
    <property name="line.separator" value="
"/>
    <property name="java.vm.specification.vendor" value="Oracle Corporation"/>
    <property name="user.variant" value=""/>
    <property name="os.name" value="Windows 7"/>
    <property name="archetypeCatalog" value="local"/>
    <property name="classworlds.conf" value="Z:\Maven\maven3.3.9\bin\m2.conf"/>
    <property name="sun.jnu.encoding" value="GBK"/>
    <property name="java.library.path" value="E:\Program Files\IDEA\idea-2016.3.2\jre64\jre\bin;C:\Windows\Sun\Java\bin;C:\Windows\system32;C:\Windows;d:\app\Administrator\product\11.2.0\dbhome_1\bin;C:\Windows\system32;C:\Windows;C:\Windows\System32\Wbem;C:\Windows\System32\WindowsPowerShell\v1.0\;E:\Java\jdk1.8.0_92_64X\bin;E:\Java\jdk1.8.0_92_64X\lib;C:\Program Files\Microsoft\Web Platform Installer\;C:\Program Files (x86)\Microsoft ASP.NET\ASP.NET Web Pages\v1.0\;C:\Program Files (x86)\Windows Kits\8.0\Windows Performance Toolkit\;C:\Program Files\Microsoft SQL Server\110\Tools\Binn\;E:\Program Files\VisualSVN Server\bin;Z:\Maven\maven3.3.9\bin;&quot;JAVA_HOME&quot;\bin;&quot;JAVA_HOME&quot;\lib;C:\Program Files\SlikSvn\bin;D:\Program Files\TortoiseSVN\bin;e:\Program Files\Git\cmd;E:\Program Files\TortoiseGit\bin;."/>
    <property name="java.specification.name" value="Java Platform API Specification"/>
    <property name="java.class.version" value="52.0"/>
    <property name="sun.management.compiler" value="HotSpot 64-Bit Tiered Compilers"/>
    <property name="os.version" value="6.1"/>
    <property name="user.home" value="C:\Users\Administrator"/>
    <property name="user.timezone" value="Asia/Shanghai"/>
    <property name="java.awt.printerjob" value="sun.awt.windows.WPrinterJob"/>
    <property name="java.specification.version" value="1.8"/>
    <property name="idea.launcher.bin.path" value="E:\Program Files\IDEA\idea-2016.3.2\bin"/>
    <property name="file.encoding" value="UTF-8"/>
    <property name="user.name" value="Administrator"/>
    <property name="java.class.path" value="Z:\Maven\maven3.3.9\boot\plexus-classworlds-2.5.2.jar;E:\Program Files\IDEA\idea-2016.3.2\lib\idea_rt.jar"/>
    <property name="java.vm.specification.version" value="1.8"/>
    <property name="sun.arch.data.model" value="64"/>
    <property name="java.home" value="E:\Program Files\IDEA\idea-2016.3.2\jre64\jre"/>
    <property name="sun.java.command" value="com.intellij.rt.execution.application.AppMain org.codehaus.classworlds.Launcher -Didea.version=2016.3.2 install -e"/>
    <property name="java.specification.vendor" value="Oracle Corporation"/>
    <property name="user.language" value="zh"/>
    <property name="awt.toolkit" value="sun.awt.windows.WToolkit"/>
    <property name="java.vm.info" value="mixed mode"/>
    <property name="java.version" value="1.8.0_112-release"/>
    <property name="java.ext.dirs" value="E:\Program Files\IDEA\idea-2016.3.2\jre64\jre\lib\ext;C:\Windows\Sun\Java\lib\ext"/>
    <property name="sun.boot.class.path" value="E:\Program Files\IDEA\idea-2016.3.2\jre64\jre\lib\resources.jar;E:\Program Files\IDEA\idea-2016.3.2\jre64\jre\lib\rt.jar;E:\Program Files\IDEA\idea-2016.3.2\jre64\jre\lib\sunrsasign.jar;E:\Program Files\IDEA\idea-2016.3.2\jre64\jre\lib\jsse.jar;E:\Program Files\IDEA\idea-2016.3.2\jre64\jre\lib\jce.jar;E:\Program Files\IDEA\idea-2016.3.2\jre64\jre\lib\charsets.jar;E:\Program Files\IDEA\idea-2016.3.2\jre64\jre\lib\jfr.jar;E:\Program Files\IDEA\idea-2016.3.2\jre64\jre\classes"/>
    <property name="java.vendor" value="JetBrains s.r.o"/>
    <property name="maven.home" value="Z:\Maven\maven3.3.9"/>
    <property name="file.separator" value="\"/>
    <property name="java.vendor.url.bug" value="https://youtrack.jetbrains.com"/>
    <property name="sun.cpu.endian" value="little"/>
    <property name="sun.io.unicode.encoding" value="UnicodeLittle"/>
    <property name="sun.desktop" value="windows"/>
    <property name="sun.cpu.isalist" value="amd64"/>
  </properties>
  <testcase classname="com.zl.freemarker.AppTest" name="testApp" time="0.004"/>
</testsuite>